# JRE version: Java(TM) SE Runtime Environment (14.0+36) (build 14+36-1461)
# Java VM: Java HotSpot(TM) 64-Bit Server VM (14+36-1461, mixed mode, sharing, tiered, compressed oops, g1 gc, windows-amd64)
Heap:
 garbage-first heap   total 393216K, used 13729K [0x0000000680a00000, 0x0000000800000000)
  region size 1024K, 8 young (8192K), 3 survivors (3072K)
 Metaspace       used 7282K, capacity 8534K, committed 8832K, reserved 1056768K
  class space    used 398K, capacity 594K, committed 640K, reserved 1048576K
GC Heap History (6 events):
Event: 1.630 GC heap before
{Heap before GC invocations=0 (full 0):
 garbage-first heap   total 393216K, used 22528K [0x0000000680a00000, 0x0000000800000000)
  region size 1024K, 23 young (23552K), 0 survivors (0K)
 Metaspace       used 3900K, capacity 5566K, committed 5632K, reserved 1056768K
  class space    used 300K, capacity 497K, committed 512K, reserved 1048576K
}
Event: 1.639 GC heap after
{Heap after GC invocations=1 (full 0):
 garbage-first heap   total 393216K, used 6032K [0x0000000680a00000, 0x0000000800000000)
  region size 1024K, 3 young (3072K), 3 survivors (3072K)
 Metaspace       used 3900K, capacity 5566K, committed 5632K, reserved 1056768K
  class space    used 300K, capacity 497K, committed 512K, reserved 1048576K
}
Event: 2.073 GC heap before
{Heap before GC invocations=1 (full 0):
 garbage-first heap   total 393216K, used 33680K [0x0000000680a00000, 0x0000000800000000)
  region size 1024K, 30 young (30720K), 3 survivors (3072K)
 Metaspace       used 6076K, capacity 7601K, committed 7808K, reserved 1056768K
  class space    used 360K, capacity 561K, committed 640K, reserved 1048576K
}
Event: 2.080 GC heap after
{Heap after GC invocations=2 (full 0):
 garbage-first heap   total 393216K, used 9321K [0x0000000680a00000, 0x0000000800000000)
  region size 1024K, 4 young (4096K), 4 survivors (4096K)
 Metaspace       used 6076K, capacity 7601K, committed 7808K, reserved 1056768K
  class space    used 360K, capacity 561K, committed 640K, reserved 1048576K
}
Event: 11.128 GC heap before
{Heap before GC invocations=2 (full 0):
 garbage-first heap   total 393216K, used 56425K [0x0000000680a00000, 0x0000000800000000)
  region size 1024K, 50 young (51200K), 4 survivors (4096K)
 Metaspace       used 7280K, capacity 8534K, committed 8832K, reserved 1056768K
  class space    used 397K, capacity 594K, committed 640K, reserved 1048576K
}
Event: 11.140 GC heap after
{Heap after GC invocations=3 (full 0):
 garbage-first heap   total 393216K, used 9633K [0x0000000680a00000, 0x0000000800000000)
  region size 1024K, 3 young (3072K), 3 survivors (3072K)
 Metaspace       used 7280K, capacity 8534K, committed 8832K, reserved 1056768K
  class space    used 397K, capacity 594K, committed 640K, reserved 1048576K
}

