# JRE version: Java(TM) SE Runtime Environment (14.0+36) (build 14+36-1461)
# Java VM: Java HotSpot(TM) 64-Bit Server VM (14+36-1461, mixed mode, sharing, tiered, compressed oops, g1 gc, windows-amd64)
Heap:
 garbage-first heap   total 393216K, used 31055K [0x0000000680a00000, 0x0000000800000000)
  region size 1024K, 26 young (26624K), 6 survivors (6144K)
 Metaspace       used 7329K, capacity 8598K, committed 8832K, reserved 1056768K
  class space    used 397K, capacity 594K, committed 640K, reserved 1048576K
GC Heap History (6 events):
Event: 1.110 GC heap before
{Heap before GC invocations=0 (full 0):
 garbage-first heap   total 393216K, used 23552K [0x0000000680a00000, 0x0000000800000000)
  region size 1024K, 23 young (23552K), 0 survivors (0K)
 Metaspace       used 3898K, capacity 5566K, committed 5632K, reserved 1056768K
  class space    used 299K, capacity 497K, committed 512K, reserved 1048576K
}
Event: 1.123 GC heap after
{Heap after GC invocations=1 (full 0):
 garbage-first heap   total 393216K, used 5843K [0x0000000680a00000, 0x0000000800000000)
  region size 1024K, 3 young (3072K), 3 survivors (3072K)
 Metaspace       used 3898K, capacity 5566K, committed 5632K, reserved 1056768K
  class space    used 299K, capacity 497K, committed 512K, reserved 1048576K
}
Event: 1.515 GC heap before
{Heap before GC invocations=1 (full 0):
 garbage-first heap   total 393216K, used 34515K [0x0000000680a00000, 0x0000000800000000)
  region size 1024K, 31 young (31744K), 3 survivors (3072K)
 Metaspace       used 6372K, capacity 7921K, committed 8064K, reserved 1056768K
  class space    used 364K, capacity 561K, committed 640K, reserved 1048576K
}
Event: 1.520 GC heap after
{Heap after GC invocations=2 (full 0):
 garbage-first heap   total 393216K, used 7438K [0x0000000680a00000, 0x0000000800000000)
  region size 1024K, 3 young (3072K), 3 survivors (3072K)
 Metaspace       used 6372K, capacity 7921K, committed 8064K, reserved 1056768K
  class space    used 364K, capacity 561K, committed 640K, reserved 1048576K
}
Event: 33.328 GC heap before
{Heap before GC invocations=2 (full 0):
 garbage-first heap   total 393216K, used 50446K [0x0000000680a00000, 0x0000000800000000)
  region size 1024K, 45 young (46080K), 3 survivors (3072K)
 Metaspace       used 7325K, capacity 8598K, committed 8832K, reserved 1056768K
  class space    used 396K, capacity 594K, committed 640K, reserved 1048576K
}
Event: 33.355 GC heap after
{Heap after GC invocations=3 (full 0):
 garbage-first heap   total 393216K, used 11599K [0x0000000680a00000, 0x0000000800000000)
  region size 1024K, 6 young (6144K), 6 survivors (6144K)
 Metaspace       used 7325K, capacity 8598K, committed 8832K, reserved 1056768K
  class space    used 396K, capacity 594K, committed 640K, reserved 1048576K
}

